<?xml version="1.0" encoding="UTF-8"?>
<!-- Generated by org.testng.reporters.JUnitReportReporter -->
<testsuite skipped="0" hostname="DESKTOP-VA61BRK" name="tests.RegistrationTest" tests="1" failures="0" timestamp="05 Jan 2023 14:57:16 GMT" time="14.891" errors="0">
  <testcase name="registrationTest" time="14.891" classname="tests.RegistrationTest"/>
</testsuite> <!-- tests.RegistrationTest -->
