<?xml version="1.0" encoding="UTF-8"?>
<!-- Generated by org.testng.reporters.JUnitReportReporter -->
<testsuite skipped="0" hostname="DESKTOP-VA61BRK" name="tests.LoginTest" tests="1" failures="0" timestamp="05 Jan 2023 14:57:16 GMT" time="19.964" errors="0">
  <testcase name="login" time="19.964" classname="tests.LoginTest"/>
</testsuite> <!-- tests.LoginTest -->
