<?xml version="1.0" encoding="UTF-8"?>
<!-- Generated by org.testng.reporters.JUnitReportReporter -->
<testsuite skipped="0" hostname="DESKTOP-VA61BRK" name="runner.Runner" tests="1" failures="0" timestamp="06 Jan 2023 05:06:55 GMT" time="15.385" errors="0">
  <testcase name="runScenario" time="15.385" classname="runner.Runner"/>
</testsuite> <!-- runner.Runner -->
