<?xml version="1.0" encoding="UTF-8"?>
<!-- Generated by org.testng.reporters.JUnitReportReporter -->
<testsuite hostname="DESKTOP-VA61BRK" failures="0" tests="1" name="tests.RegistrationTest" time="0.000" errors="0" timestamp="05 Jan 2023 06:11:47 GMT" skipped="0">
  <testcase classname="tests.RegistrationTest" name="registrationTest" time="0.000"/>
</testsuite> <!-- tests.RegistrationTest -->
