<?xml version="1.0" encoding="UTF-8"?>
<!-- Generated by org.testng.reporters.JUnitReportReporter -->
<testsuite hostname="DESKTOP-VA61BRK" failures="0" tests="1" name="tests.ThreeTest" time="0.001" errors="0" timestamp="05 Jan 2023 06:11:47 GMT" skipped="0">
  <testcase classname="tests.ThreeTest" name="testThree" time="0.001"/>
</testsuite> <!-- tests.ThreeTest -->
