<?xml version="1.0" encoding="UTF-8"?>
<!-- Generated by org.testng.reporters.JUnitReportReporter -->
<testsuite hostname="DESKTOP-VA61BRK" failures="0" tests="2" name="tests.LoginTest" time="34.348" errors="0" timestamp="05 Jan 2023 06:11:47 GMT" skipped="0">
  <testcase classname="tests.LoginTest" name="login" time="14.749"/>
  <testcase classname="tests.LoginTest" name="login" time="19.599"/>
</testsuite> <!-- tests.LoginTest -->
