<?xml version="1.0" encoding="UTF-8"?>
<!-- Generated by org.testng.reporters.JUnitReportReporter -->
<testsuite hostname="DESKTOP-VA61BRK" failures="0" tests="1" name="runner.Runner" time="11.614" errors="0" timestamp="06 Jan 2023 05:14:19 GMT" skipped="0">
  <testcase classname="runner.Runner" name="runScenario" time="11.614"/>
</testsuite> <!-- runner.Runner -->
